[2017-06-07 10:03:05] name.WARNING: Foo [] []
[2017-06-07 10:03:05] name.ERROR: Bar [] []
[2017-06-07 10:03:09] name.WARNING: Foo [] []
[2017-06-07 10:03:09] name.ERROR: Bar [] []
[2017-06-07 10:03:15] name.WARNING: Foo [] []
[2017-06-07 10:03:15] name.ERROR: Bar [] []
[2017-06-07 10:03:39] name.WARNING: Foo [] []
[2017-06-07 10:03:39] name.ERROR: Bar [] []
[2017-06-07 10:05:16] name.WARNING: Foo [] []
[2017-06-07 10:05:16] name.ERROR: Bar [] []
[2017-06-07 10:05:24] name.WARNING: Foo [] []
[2017-06-07 10:05:24] name.ERROR: Bar [] []
[2017-06-07 10:05:25] name.WARNING: Foo [] []
[2017-06-07 10:05:25] name.ERROR: Bar [] []
[2017-06-07 10:05:54] name.WARNING: c [] []
[2017-06-07 10:05:54] name.ERROR: lan [] []
[2017-06-07 10:05:55] name.WARNING: c [] []
[2017-06-07 10:05:55] name.ERROR: lan [] []
[2017-06-07 10:05:55] name.WARNING: c [] []
[2017-06-07 10:05:55] name.ERROR: lan [] []
[2017-06-07 10:05:58] name.WARNING: c [] []
[2017-06-07 10:05:58] name.ERROR: lan [] []
[2017-06-07 10:35:46] name.WARNING: c [] []
[2017-06-07 10:35:46] name.ERROR: lan [] []
[2017-06-07 10:35:47] name.WARNING: c [] []
[2017-06-07 10:35:47] name.ERROR: lan [] []
[2017-06-07 12:13:30] name.WARNING: c [] []
[2017-06-07 12:13:30] name.ERROR: lan [] []
[2017-06-07 12:13:30] name.WARNING: c [] []
[2017-06-07 12:13:30] name.ERROR: lan [] []
[2017-06-07 12:13:31] name.WARNING: c [] []
[2017-06-07 12:13:31] name.ERROR: lan [] []
[2017-06-07 12:13:31] name.WARNING: c [] []
[2017-06-07 12:13:31] name.ERROR: lan [] []
[2017-06-07 12:13:45] name.WARNING: c [] []
[2017-06-07 12:13:45] name.ERROR: lan [] []
[2017-06-07 12:13:46] name.WARNING: c [] []
[2017-06-07 12:13:46] name.ERROR: lan [] []
[2017-06-07 12:13:47] name.WARNING: c [] []
[2017-06-07 12:13:47] name.ERROR: lan [] []
[2017-06-07 12:13:47] name.WARNING: c [] []
[2017-06-07 12:13:47] name.ERROR: lan [] []
[2017-06-07 12:22:49] name.WARNING: c [] []
[2017-06-07 12:22:49] name.ERROR: ni [] []
[2017-06-07 12:22:49] name.WARNING: c [] []
[2017-06-07 12:22:49] name.ERROR: ni [] []
[2017-06-07 12:22:49] name.WARNING: c [] []
[2017-06-07 12:22:49] name.ERROR: ni [] []
